# JRE version: OpenJDK Runtime Environment (8.0_202-b03) (build 1.8.0_202-release-1483-b03)
# Java VM: OpenJDK 64-Bit Server VM (25.202-b03 mixed mode windows-amd64 compressed oops)
Heap:
 PSYoungGen      total 327168K, used 76746K [0x00000000e0000000, 0x00000000f6d00000, 0x0000000100000000)
  eden space 318464K, 21% used [0x00000000e0000000,0x00000000e4290d18,0x00000000f3700000)
  from space 8704K, 98% used [0x00000000f4680000,0x00000000f4ee1e88,0x00000000f4f00000)
  to   space 27648K, 0% used [0x00000000f5200000,0x00000000f5200000,0x00000000f6d00000)
 ParOldGen       total 82432K, used 44219K [0x00000000a0000000, 0x00000000a5080000, 0x00000000e0000000)
  object space 82432K, 53% used [0x00000000a0000000,0x00000000a2b2ec48,0x00000000a5080000)
 Metaspace       used 85818K, capacity 89220K, committed 89432K, reserved 1126400K
  class space    used 11205K, capacity 11893K, committed 11904K, reserved 1048576K
GC Heap History (10 events):
Event: 33.202 GC heap before
{Heap before GC invocations=12 (full 2):
 PSYoungGen      total 224768K, used 74439K [0x00000000e0000000, 0x00000000f3980000, 0x0000000100000000)
  eden space 210944K, 28% used [0x00000000e0000000,0x00000000e3b32b78,0x00000000ece00000)
  from space 13824K, 99% used [0x00000000ece00000,0x00000000edb7f3a0,0x00000000edb80000)
  to   space 20480K, 0% used [0x00000000f2580000,0x00000000f2580000,0x00000000f3980000)
 ParOldGen       total 54272K, used 29065K [0x00000000a0000000, 0x00000000a3500000, 0x00000000e0000000)
  object space 54272K, 53% used [0x00000000a0000000,0x00000000a1c627d8,0x00000000a3500000)
 Metaspace       used 57383K, capacity 59012K, committed 59028K, reserved 1099776K
  class space    used 7780K, capacity 8177K, committed 8192K, reserved 1048576K
Event: 33.282 GC heap after
Heap after GC invocations=12 (full 2):
 PSYoungGen      total 298496K, used 17135K [0x00000000e0000000, 0x00000000f4280000, 0x0000000100000000)
  eden space 278016K, 0% used [0x00000000e0000000,0x00000000e0000000,0x00000000f0f80000)
  from space 20480K, 83% used [0x00000000f2580000,0x00000000f363bf18,0x00000000f3980000)
  to   space 22528K, 0% used [0x00000000f0f80000,0x00000000f0f80000,0x00000000f2580000)
 ParOldGen       total 54272K, used 29073K [0x00000000a0000000, 0x00000000a3500000, 0x00000000e0000000)
  object space 54272K, 53% used [0x00000000a0000000,0x00000000a1c647d8,0x00000000a3500000)
 Metaspace       used 57383K, capacity 59012K, committed 59028K, reserved 1099776K
  class space    used 7780K, capacity 8177K, committed 8192K, reserved 1048576K
}
Event: 33.282 GC heap before
{Heap before GC invocations=13 (full 3):
 PSYoungGen      total 298496K, used 17135K [0x00000000e0000000, 0x00000000f4280000, 0x0000000100000000)
  eden space 278016K, 0% used [0x00000000e0000000,0x00000000e0000000,0x00000000f0f80000)
  from space 20480K, 83% used [0x00000000f2580000,0x00000000f363bf18,0x00000000f3980000)
  to   space 22528K, 0% used [0x00000000f0f80000,0x00000000f0f80000,0x00000000f2580000)
 ParOldGen       total 54272K, used 29073K [0x00000000a0000000, 0x00000000a3500000, 0x00000000e0000000)
  object space 54272K, 53% used [0x00000000a0000000,0x00000000a1c647d8,0x00000000a3500000)
 Metaspace       used 57383K, capacity 59012K, committed 59028K, reserved 1099776K
  class space    used 7780K, capacity 8177K, committed 8192K, reserved 1048576K
Event: 33.697 GC heap after
Heap after GC invocations=13 (full 3):
 PSYoungGen      total 298496K, used 0K [0x00000000e0000000, 0x00000000f4280000, 0x0000000100000000)
  eden space 278016K, 0% used [0x00000000e0000000,0x00000000e0000000,0x00000000f0f80000)
  from space 20480K, 0% used [0x00000000f2580000,0x00000000f2580000,0x00000000f3980000)
  to   space 22528K, 0% used [0x00000000f0f80000,0x00000000f0f80000,0x00000000f2580000)
 ParOldGen       total 82432K, used 31099K [0x00000000a0000000, 0x00000000a5080000, 0x00000000e0000000)
  object space 82432K, 37% used [0x00000000a0000000,0x00000000a1e5efd8,0x00000000a5080000)
 Metaspace       used 57363K, capacity 58956K, committed 59028K, reserved 1099776K
  class space    used 7774K, capacity 8167K, committed 8192K, reserved 1048576K
}
Event: 998.270 GC heap before
{Heap before GC invocations=14 (full 3):
 PSYoungGen      total 298496K, used 278016K [0x00000000e0000000, 0x00000000f4280000, 0x0000000100000000)
  eden space 278016K, 100% used [0x00000000e0000000,0x00000000f0f80000,0x00000000f0f80000)
  from space 20480K, 0% used [0x00000000f2580000,0x00000000f2580000,0x00000000f3980000)
  to   space 22528K, 0% used [0x00000000f0f80000,0x00000000f0f80000,0x00000000f2580000)
 ParOldGen       total 82432K, used 31099K [0x00000000a0000000, 0x00000000a5080000, 0x00000000e0000000)
  object space 82432K, 37% used [0x00000000a0000000,0x00000000a1e5efd8,0x00000000a5080000)
 Metaspace       used 67737K, capacity 69722K, committed 69976K, reserved 1110016K
  class space    used 8828K, capacity 9300K, committed 9344K, reserved 1048576K
Event: 1000.300 GC heap after
Heap after GC invocations=14 (full 3):
 PSYoungGen      total 300544K, used 18553K [0x00000000e0000000, 0x00000000f7e80000, 0x0000000100000000)
  eden space 278016K, 0% used [0x00000000e0000000,0x00000000e0000000,0x00000000f0f80000)
  from space 22528K, 82% used [0x00000000f0f80000,0x00000000f219e458,0x00000000f2580000)
  to   space 24576K, 0% used [0x00000000f6680000,0x00000000f6680000,0x00000000f7e80000)
 ParOldGen       total 82432K, used 31107K [0x00000000a0000000, 0x00000000a5080000, 0x00000000e0000000)
  object space 82432K, 37% used [0x00000000a0000000,0x00000000a1e60fd8,0x00000000a5080000)
 Metaspace       used 67737K, capacity 69722K, committed 69976K, reserved 1110016K
  class space    used 8828K, capacity 9300K, committed 9344K, reserved 1048576K
}
Event: 1932.913 GC heap before
{Heap before GC invocations=15 (full 3):
 PSYoungGen      total 300544K, used 296569K [0x00000000e0000000, 0x00000000f7e80000, 0x0000000100000000)
  eden space 278016K, 100% used [0x00000000e0000000,0x00000000f0f80000,0x00000000f0f80000)
  from space 22528K, 82% used [0x00000000f0f80000,0x00000000f219e458,0x00000000f2580000)
  to   space 24576K, 0% used [0x00000000f6680000,0x00000000f6680000,0x00000000f7e80000)
 ParOldGen       total 82432K, used 31107K [0x00000000a0000000, 0x00000000a5080000, 0x00000000e0000000)
  object space 82432K, 37% used [0x00000000a0000000,0x00000000a1e60fd8,0x00000000a5080000)
 Metaspace       used 84375K, capacity 87550K, committed 87896K, reserved 1126400K
  class space    used 11153K, capacity 11802K, committed 11904K, reserved 1048576K
Event: 1933.907 GC heap after
Heap after GC invocations=15 (full 3):
 PSYoungGen      total 357376K, used 24565K [0x00000000e0000000, 0x00000000f7e80000, 0x0000000100000000)
  eden space 332800K, 0% used [0x00000000e0000000,0x00000000e0000000,0x00000000f4500000)
  from space 24576K, 99% used [0x00000000f6680000,0x00000000f7e7d580,0x00000000f7e80000)
  to   space 28672K, 0% used [0x00000000f4680000,0x00000000f4680000,0x00000000f6280000)
 ParOldGen       total 82432K, used 32392K [0x00000000a0000000, 0x00000000a5080000, 0x00000000e0000000)
  object space 82432K, 39% used [0x00000000a0000000,0x00000000a1fa20b0,0x00000000a5080000)
 Metaspace       used 84375K, capacity 87550K, committed 87896K, reserved 1126400K
  class space    used 11153K, capacity 11802K, committed 11904K, reserved 1048576K
}
Event: 3053.807 GC heap before
{Heap before GC invocations=16 (full 3):
 PSYoungGen      total 357376K, used 357365K [0x00000000e0000000, 0x00000000f7e80000, 0x0000000100000000)
  eden space 332800K, 100% used [0x00000000e0000000,0x00000000f4500000,0x00000000f4500000)
  from space 24576K, 99% used [0x00000000f6680000,0x00000000f7e7d580,0x00000000f7e80000)
  to   space 28672K, 0% used [0x00000000f4680000,0x00000000f4680000,0x00000000f6280000)
 ParOldGen       total 82432K, used 32392K [0x00000000a0000000, 0x00000000a5080000, 0x00000000e0000000)
  object space 82432K, 39% used [0x00000000a0000000,0x00000000a1fa20b0,0x00000000a5080000)
 Metaspace       used 85613K, capacity 88946K, committed 89176K, reserved 1126400K
  class space    used 11204K, capacity 11890K, committed 11904K, reserved 1048576K
Event: 3054.322 GC heap after
Heap after GC invocations=16 (full 3):
 PSYoungGen      total 327168K, used 8583K [0x00000000e0000000, 0x00000000f6d00000, 0x0000000100000000)
  eden space 318464K, 0% used [0x00000000e0000000,0x00000000e0000000,0x00000000f3700000)
  from space 8704K, 98% used [0x00000000f4680000,0x00000000f4ee1e88,0x00000000f4f00000)
  to   space 27648K, 0% used [0x00000000f5200000,0x00000000f5200000,0x00000000f6d00000)
 ParOldGen       total 82432K, used 44219K [0x00000000a0000000, 0x00000000a5080000, 0x00000000e0000000)
  object space 82432K, 53% used [0x00000000a0000000,0x00000000a2b2ec48,0x00000000a5080000)
 Metaspace       used 85613K, capacity 88946K, committed 89176K, reserved 1126400K
  class space    used 11204K, capacity 11890K, committed 11904K, reserved 1048576K
}

