# JRE version: OpenJDK Runtime Environment (8.0_202-b03) (build 1.8.0_202-release-1483-b03)
# Java VM: OpenJDK 64-Bit Server VM (25.202-b03 mixed mode windows-amd64 compressed oops)
Heap:
 PSYoungGen      total 104960K, used 60960K [0x00000000e0000000, 0x00000000e7b00000, 0x0000000100000000)
  eden space 97280K, 62% used [0x00000000e0000000,0x00000000e3b883c0,0x00000000e5f00000)
  from space 7680K, 0% used [0x00000000e6680000,0x00000000e6680000,0x00000000e6e00000)
  to   space 7680K, 0% used [0x00000000e5f00000,0x00000000e5f00000,0x00000000e6680000)
 ParOldGen       total 44032K, used 14526K [0x00000000a0000000, 0x00000000a2b00000, 0x00000000e0000000)
  object space 44032K, 32% used [0x00000000a0000000,0x00000000a0e2fbc0,0x00000000a2b00000)
 Metaspace       used 42590K, capacity 43460K, committed 43648K, reserved 1087488K
  class space    used 5748K, capacity 5998K, committed 6016K, reserved 1048576K
GC Heap History (10 events):
Event: 15.489 GC heap before
{Heap before GC invocations=12 (full 1):
 PSYoungGen      total 55808K, used 51200K [0x00000000e0000000, 0x00000000e3c00000, 0x0000000100000000)
  eden space 51200K, 100% used [0x00000000e0000000,0x00000000e3200000,0x00000000e3200000)
  from space 4608K, 0% used [0x00000000e3780000,0x00000000e3780000,0x00000000e3c00000)
  to   space 5120K, 0% used [0x00000000e3200000,0x00000000e3200000,0x00000000e3700000)
 ParOldGen       total 32256K, used 8656K [0x00000000a0000000, 0x00000000a1f80000, 0x00000000e0000000)
  object space 32256K, 26% used [0x00000000a0000000,0x00000000a08741b0,0x00000000a1f80000)
 Metaspace       used 27603K, capacity 28064K, committed 28288K, reserved 1073152K
  class space    used 3777K, capacity 3967K, committed 3968K, reserved 1048576K
Event: 15.516 GC heap after
Heap after GC invocations=12 (full 1):
 PSYoungGen      total 56320K, used 5091K [0x00000000e0000000, 0x00000000e5180000, 0x0000000100000000)
  eden space 51200K, 0% used [0x00000000e0000000,0x00000000e0000000,0x00000000e3200000)
  from space 5120K, 99% used [0x00000000e3200000,0x00000000e36f8c38,0x00000000e3700000)
  to   space 6144K, 0% used [0x00000000e4b80000,0x00000000e4b80000,0x00000000e5180000)
 ParOldGen       total 32256K, used 10371K [0x00000000a0000000, 0x00000000a1f80000, 0x00000000e0000000)
  object space 32256K, 32% used [0x00000000a0000000,0x00000000a0a20c08,0x00000000a1f80000)
 Metaspace       used 27603K, capacity 28064K, committed 28288K, reserved 1073152K
  class space    used 3777K, capacity 3967K, committed 3968K, reserved 1048576K
}
Event: 17.037 GC heap before
{Heap before GC invocations=13 (full 1):
 PSYoungGen      total 56320K, used 56291K [0x00000000e0000000, 0x00000000e5180000, 0x0000000100000000)
  eden space 51200K, 100% used [0x00000000e0000000,0x00000000e3200000,0x00000000e3200000)
  from space 5120K, 99% used [0x00000000e3200000,0x00000000e36f8c38,0x00000000e3700000)
  to   space 6144K, 0% used [0x00000000e4b80000,0x00000000e4b80000,0x00000000e5180000)
 ParOldGen       total 32256K, used 10371K [0x00000000a0000000, 0x00000000a1f80000, 0x00000000e0000000)
  object space 32256K, 32% used [0x00000000a0000000,0x00000000a0a20c08,0x00000000a1f80000)
 Metaspace       used 30880K, capacity 31386K, committed 31616K, reserved 1077248K
  class space    used 4199K, capacity 4368K, committed 4480K, reserved 1048576K
Event: 17.055 GC heap after
Heap after GC invocations=13 (full 1):
 PSYoungGen      total 77312K, used 4229K [0x00000000e0000000, 0x00000000e5180000, 0x0000000100000000)
  eden space 71168K, 0% used [0x00000000e0000000,0x00000000e0000000,0x00000000e4580000)
  from space 6144K, 68% used [0x00000000e4b80000,0x00000000e4fa1640,0x00000000e5180000)
  to   space 6144K, 0% used [0x00000000e4580000,0x00000000e4580000,0x00000000e4b80000)
 ParOldGen       total 32256K, used 13367K [0x00000000a0000000, 0x00000000a1f80000, 0x00000000e0000000)
  object space 32256K, 41% used [0x00000000a0000000,0x00000000a0d0dc28,0x00000000a1f80000)
 Metaspace       used 30880K, capacity 31386K, committed 31616K, reserved 1077248K
  class space    used 4199K, capacity 4368K, committed 4480K, reserved 1048576K
}
Event: 20.175 GC heap before
{Heap before GC invocations=14 (full 1):
 PSYoungGen      total 77312K, used 75397K [0x00000000e0000000, 0x00000000e5180000, 0x0000000100000000)
  eden space 71168K, 100% used [0x00000000e0000000,0x00000000e4580000,0x00000000e4580000)
  from space 6144K, 68% used [0x00000000e4b80000,0x00000000e4fa1640,0x00000000e5180000)
  to   space 6144K, 0% used [0x00000000e4580000,0x00000000e4580000,0x00000000e4b80000)
 ParOldGen       total 32256K, used 13367K [0x00000000a0000000, 0x00000000a1f80000, 0x00000000e0000000)
  object space 32256K, 41% used [0x00000000a0000000,0x00000000a0d0dc28,0x00000000a1f80000)
 Metaspace       used 34675K, capacity 35406K, committed 35456K, reserved 1079296K
  class space    used 4758K, capacity 4986K, committed 4992K, reserved 1048576K
Event: 20.191 GC heap after
Heap after GC invocations=14 (full 1):
 PSYoungGen      total 77312K, used 6142K [0x00000000e0000000, 0x00000000e6e00000, 0x0000000100000000)
  eden space 71168K, 0% used [0x00000000e0000000,0x00000000e0000000,0x00000000e4580000)
  from space 6144K, 99% used [0x00000000e4580000,0x00000000e4b7fa48,0x00000000e4b80000)
  to   space 7680K, 0% used [0x00000000e6680000,0x00000000e6680000,0x00000000e6e00000)
 ParOldGen       total 32256K, used 15322K [0x00000000a0000000, 0x00000000a1f80000, 0x00000000e0000000)
  object space 32256K, 47% used [0x00000000a0000000,0x00000000a0ef6b50,0x00000000a1f80000)
 Metaspace       used 34675K, capacity 35406K, committed 35456K, reserved 1079296K
  class space    used 4758K, capacity 4986K, committed 4992K, reserved 1048576K
}
Event: 20.217 GC heap before
{Heap before GC invocations=15 (full 1):
 PSYoungGen      total 77312K, used 7539K [0x00000000e0000000, 0x00000000e6e00000, 0x0000000100000000)
  eden space 71168K, 1% used [0x00000000e0000000,0x00000000e015d428,0x00000000e4580000)
  from space 6144K, 99% used [0x00000000e4580000,0x00000000e4b7fa48,0x00000000e4b80000)
  to   space 7680K, 0% used [0x00000000e6680000,0x00000000e6680000,0x00000000e6e00000)
 ParOldGen       total 32256K, used 15322K [0x00000000a0000000, 0x00000000a1f80000, 0x00000000e0000000)
  object space 32256K, 47% used [0x00000000a0000000,0x00000000a0ef6b50,0x00000000a1f80000)
 Metaspace       used 34733K, capacity 35406K, committed 35456K, reserved 1079296K
  class space    used 4769K, capacity 4986K, committed 4992K, reserved 1048576K
Event: 20.227 GC heap after
Heap after GC invocations=15 (full 1):
 PSYoungGen      total 104960K, used 192K [0x00000000e0000000, 0x00000000e7b00000, 0x0000000100000000)
  eden space 97280K, 0% used [0x00000000e0000000,0x00000000e0000000,0x00000000e5f00000)
  from space 7680K, 2% used [0x00000000e6680000,0x00000000e66b0000,0x00000000e6e00000)
  to   space 7680K, 0% used [0x00000000e5f00000,0x00000000e5f00000,0x00000000e6680000)
 ParOldGen       total 32256K, used 18135K [0x00000000a0000000, 0x00000000a1f80000, 0x00000000e0000000)
  object space 32256K, 56% used [0x00000000a0000000,0x00000000a11b5d98,0x00000000a1f80000)
 Metaspace       used 34733K, capacity 35406K, committed 35456K, reserved 1079296K
  class space    used 4769K, capacity 4986K, committed 4992K, reserved 1048576K
}
Event: 20.227 GC heap before
{Heap before GC invocations=16 (full 2):
 PSYoungGen      total 104960K, used 192K [0x00000000e0000000, 0x00000000e7b00000, 0x0000000100000000)
  eden space 97280K, 0% used [0x00000000e0000000,0x00000000e0000000,0x00000000e5f00000)
  from space 7680K, 2% used [0x00000000e6680000,0x00000000e66b0000,0x00000000e6e00000)
  to   space 7680K, 0% used [0x00000000e5f00000,0x00000000e5f00000,0x00000000e6680000)
 ParOldGen       total 32256K, used 18135K [0x00000000a0000000, 0x00000000a1f80000, 0x00000000e0000000)
  object space 32256K, 56% used [0x00000000a0000000,0x00000000a11b5d98,0x00000000a1f80000)
 Metaspace       used 34733K, capacity 35406K, committed 35456K, reserved 1079296K
  class space    used 4769K, capacity 4986K, committed 4992K, reserved 1048576K
Event: 20.464 GC heap after
Heap after GC invocations=16 (full 2):
 PSYoungGen      total 104960K, used 0K [0x00000000e0000000, 0x00000000e7b00000, 0x0000000100000000)
  eden space 97280K, 0% used [0x00000000e0000000,0x00000000e0000000,0x00000000e5f00000)
  from space 7680K, 0% used [0x00000000e6680000,0x00000000e6680000,0x00000000e6e00000)
  to   space 7680K, 0% used [0x00000000e5f00000,0x00000000e5f00000,0x00000000e6680000)
 ParOldGen       total 44032K, used 14526K [0x00000000a0000000, 0x00000000a2b00000, 0x00000000e0000000)
  object space 44032K, 32% used [0x00000000a0000000,0x00000000a0e2fbc0,0x00000000a2b00000)
 Metaspace       used 34725K, capacity 35376K, committed 35456K, reserved 1079296K
  class space    used 4766K, capacity 4981K, committed 4992K, reserved 1048576K
}

