# JRE version: OpenJDK Runtime Environment (8.0_202-b03) (build 1.8.0_202-release-1483-b03)
# Java VM: OpenJDK 64-Bit Server VM (25.202-b03 mixed mode windows-amd64 compressed oops)
Heap:
 PSYoungGen      total 110080K, used 27212K [0x00000000e0000000, 0x00000000e7380000, 0x0000000100000000)
  eden space 102400K, 19% used [0x00000000e0000000,0x00000000e1318600,0x00000000e6400000)
  from space 7680K, 99% used [0x00000000e6400000,0x00000000e6b7adc0,0x00000000e6b80000)
  to   space 7680K, 0% used [0x00000000e6b80000,0x00000000e6b80000,0x00000000e7300000)
 ParOldGen       total 50688K, used 21340K [0x00000000a0000000, 0x00000000a3180000, 0x00000000e0000000)
  object space 50688K, 42% used [0x00000000a0000000,0x00000000a14d7220,0x00000000a3180000)
 Metaspace       used 45729K, capacity 46778K, committed 46976K, reserved 1089536K
  class space    used 6139K, capacity 6450K, committed 6528K, reserved 1048576K
GC Heap History (10 events):
Event: 16.718 GC heap before
{Heap before GC invocations=13 (full 1):
 PSYoungGen      total 56320K, used 56289K [0x00000000e0000000, 0x00000000e5200000, 0x0000000100000000)
  eden space 51200K, 100% used [0x00000000e0000000,0x00000000e3200000,0x00000000e3200000)
  from space 5120K, 99% used [0x00000000e3200000,0x00000000e36f8710,0x00000000e3700000)
  to   space 6144K, 0% used [0x00000000e4c00000,0x00000000e4c00000,0x00000000e5200000)
 ParOldGen       total 32256K, used 10489K [0x00000000a0000000, 0x00000000a1f80000, 0x00000000e0000000)
  object space 32256K, 32% used [0x00000000a0000000,0x00000000a0a3e5f0,0x00000000a1f80000)
 Metaspace       used 30813K, capacity 31330K, committed 31616K, reserved 1077248K
  class space    used 4192K, capacity 4368K, committed 4480K, reserved 1048576K
Event: 16.747 GC heap after
Heap after GC invocations=13 (full 1):
 PSYoungGen      total 76800K, used 4164K [0x00000000e0000000, 0x00000000e5180000, 0x0000000100000000)
  eden space 71168K, 0% used [0x00000000e0000000,0x00000000e0000000,0x00000000e4580000)
  from space 5632K, 73% used [0x00000000e4c00000,0x00000000e5011340,0x00000000e5180000)
  to   space 6144K, 0% used [0x00000000e4580000,0x00000000e4580000,0x00000000e4b80000)
 ParOldGen       total 32256K, used 13505K [0x00000000a0000000, 0x00000000a1f80000, 0x00000000e0000000)
  object space 32256K, 41% used [0x00000000a0000000,0x00000000a0d30600,0x00000000a1f80000)
 Metaspace       used 30813K, capacity 31330K, committed 31616K, reserved 1077248K
  class space    used 4192K, capacity 4368K, committed 4480K, reserved 1048576K
}
Event: 22.069 GC heap before
{Heap before GC invocations=14 (full 1):
 PSYoungGen      total 76800K, used 75332K [0x00000000e0000000, 0x00000000e5180000, 0x0000000100000000)
  eden space 71168K, 100% used [0x00000000e0000000,0x00000000e4580000,0x00000000e4580000)
  from space 5632K, 73% used [0x00000000e4c00000,0x00000000e5011340,0x00000000e5180000)
  to   space 6144K, 0% used [0x00000000e4580000,0x00000000e4580000,0x00000000e4b80000)
 ParOldGen       total 32256K, used 13505K [0x00000000a0000000, 0x00000000a1f80000, 0x00000000e0000000)
  object space 32256K, 41% used [0x00000000a0000000,0x00000000a0d30600,0x00000000a1f80000)
 Metaspace       used 34601K, capacity 35282K, committed 35456K, reserved 1079296K
  class space    used 4746K, capacity 4948K, committed 4992K, reserved 1048576K
Event: 22.392 GC heap after
Heap after GC invocations=14 (full 1):
 PSYoungGen      total 77312K, used 6128K [0x00000000e0000000, 0x00000000e7300000, 0x0000000100000000)
  eden space 71168K, 0% used [0x00000000e0000000,0x00000000e0000000,0x00000000e4580000)
  from space 6144K, 99% used [0x00000000e4580000,0x00000000e4b7c2e8,0x00000000e4b80000)
  to   space 7680K, 0% used [0x00000000e6b80000,0x00000000e6b80000,0x00000000e7300000)
 ParOldGen       total 32256K, used 15466K [0x00000000a0000000, 0x00000000a1f80000, 0x00000000e0000000)
  object space 32256K, 47% used [0x00000000a0000000,0x00000000a0f1aa90,0x00000000a1f80000)
 Metaspace       used 34601K, capacity 35282K, committed 35456K, reserved 1079296K
  class space    used 4746K, capacity 4948K, committed 4992K, reserved 1048576K
}
Event: 22.682 GC heap before
{Heap before GC invocations=15 (full 1):
 PSYoungGen      total 77312K, used 7552K [0x00000000e0000000, 0x00000000e7300000, 0x0000000100000000)
  eden space 71168K, 2% used [0x00000000e0000000,0x00000000e01640a8,0x00000000e4580000)
  from space 6144K, 99% used [0x00000000e4580000,0x00000000e4b7c2e8,0x00000000e4b80000)
  to   space 7680K, 0% used [0x00000000e6b80000,0x00000000e6b80000,0x00000000e7300000)
 ParOldGen       total 32256K, used 15466K [0x00000000a0000000, 0x00000000a1f80000, 0x00000000e0000000)
  object space 32256K, 47% used [0x00000000a0000000,0x00000000a0f1aa90,0x00000000a1f80000)
 Metaspace       used 34719K, capacity 35384K, committed 35456K, reserved 1079296K
  class space    used 4763K, capacity 4981K, committed 4992K, reserved 1048576K
Event: 22.693 GC heap after
Heap after GC invocations=15 (full 1):
 PSYoungGen      total 110080K, used 192K [0x00000000e0000000, 0x00000000e7380000, 0x0000000100000000)
  eden space 102400K, 0% used [0x00000000e0000000,0x00000000e0000000,0x00000000e6400000)
  from space 7680K, 2% used [0x00000000e6b80000,0x00000000e6bb0000,0x00000000e7300000)
  to   space 7680K, 0% used [0x00000000e6400000,0x00000000e6400000,0x00000000e6b80000)
 ParOldGen       total 32256K, used 18256K [0x00000000a0000000, 0x00000000a1f80000, 0x00000000e0000000)
  object space 32256K, 56% used [0x00000000a0000000,0x00000000a11d41d0,0x00000000a1f80000)
 Metaspace       used 34719K, capacity 35384K, committed 35456K, reserved 1079296K
  class space    used 4763K, capacity 4981K, committed 4992K, reserved 1048576K
}
Event: 22.693 GC heap before
{Heap before GC invocations=16 (full 2):
 PSYoungGen      total 110080K, used 192K [0x00000000e0000000, 0x00000000e7380000, 0x0000000100000000)
  eden space 102400K, 0% used [0x00000000e0000000,0x00000000e0000000,0x00000000e6400000)
  from space 7680K, 2% used [0x00000000e6b80000,0x00000000e6bb0000,0x00000000e7300000)
  to   space 7680K, 0% used [0x00000000e6400000,0x00000000e6400000,0x00000000e6b80000)
 ParOldGen       total 32256K, used 18256K [0x00000000a0000000, 0x00000000a1f80000, 0x00000000e0000000)
  object space 32256K, 56% used [0x00000000a0000000,0x00000000a11d41d0,0x00000000a1f80000)
 Metaspace       used 34719K, capacity 35384K, committed 35456K, reserved 1079296K
  class space    used 4763K, capacity 4981K, committed 4992K, reserved 1048576K
Event: 23.232 GC heap after
Heap after GC invocations=16 (full 2):
 PSYoungGen      total 110080K, used 0K [0x00000000e0000000, 0x00000000e7380000, 0x0000000100000000)
  eden space 102400K, 0% used [0x00000000e0000000,0x00000000e0000000,0x00000000e6400000)
  from space 7680K, 0% used [0x00000000e6b80000,0x00000000e6b80000,0x00000000e7300000)
  to   space 7680K, 0% used [0x00000000e6400000,0x00000000e6400000,0x00000000e6b80000)
 ParOldGen       total 50688K, used 14542K [0x00000000a0000000, 0x00000000a3180000, 0x00000000e0000000)
  object space 50688K, 28% used [0x00000000a0000000,0x00000000a0e33bc8,0x00000000a3180000)
 Metaspace       used 34719K, capacity 35384K, committed 35456K, reserved 1079296K
  class space    used 4763K, capacity 4981K, committed 4992K, reserved 1048576K
}
Event: 34.228 GC heap before
{Heap before GC invocations=17 (full 2):
 PSYoungGen      total 110080K, used 102400K [0x00000000e0000000, 0x00000000e7380000, 0x0000000100000000)
  eden space 102400K, 100% used [0x00000000e0000000,0x00000000e6400000,0x00000000e6400000)
  from space 7680K, 0% used [0x00000000e6b80000,0x00000000e6b80000,0x00000000e7300000)
  to   space 7680K, 0% used [0x00000000e6400000,0x00000000e6400000,0x00000000e6b80000)
 ParOldGen       total 50688K, used 14542K [0x00000000a0000000, 0x00000000a3180000, 0x00000000e0000000)
  object space 50688K, 28% used [0x00000000a0000000,0x00000000a0e33bc8,0x00000000a3180000)
 Metaspace       used 45206K, capacity 46076K, committed 46336K, reserved 1089536K
  class space    used 6054K, capacity 6326K, committed 6400K, reserved 1048576K
Event: 34.341 GC heap after
Heap after GC invocations=17 (full 2):
 PSYoungGen      total 110080K, used 7659K [0x00000000e0000000, 0x00000000e7380000, 0x0000000100000000)
  eden space 102400K, 0% used [0x00000000e0000000,0x00000000e0000000,0x00000000e6400000)
  from space 7680K, 99% used [0x00000000e6400000,0x00000000e6b7adc0,0x00000000e6b80000)
  to   space 7680K, 0% used [0x00000000e6b80000,0x00000000e6b80000,0x00000000e7300000)
 ParOldGen       total 50688K, used 21340K [0x00000000a0000000, 0x00000000a3180000, 0x00000000e0000000)
  object space 50688K, 42% used [0x00000000a0000000,0x00000000a14d7220,0x00000000a3180000)
 Metaspace       used 45206K, capacity 46076K, committed 46336K, reserved 1089536K
  class space    used 6054K, capacity 6326K, committed 6400K, reserved 1048576K
}

