# JRE version: OpenJDK Runtime Environment (8.0_202-b03) (build 1.8.0_202-release-1483-b03)
# Java VM: OpenJDK 64-Bit Server VM (25.202-b03 mixed mode windows-amd64 compressed oops)
Heap:
 PSYoungGen      total 107520K, used 86447K [0x00000000e0000000, 0x00000000e7400000, 0x0000000100000000)
  eden space 96768K, 78% used [0x00000000e0000000,0x00000000e49ed910,0x00000000e5e80000)
  from space 10752K, 99% used [0x00000000e5f00000,0x00000000e697e460,0x00000000e6980000)
  to   space 9216K, 0% used [0x00000000e6b00000,0x00000000e6b00000,0x00000000e7400000)
 ParOldGen       total 53248K, used 24240K [0x00000000a0000000, 0x00000000a3400000, 0x00000000e0000000)
  object space 53248K, 45% used [0x00000000a0000000,0x00000000a17ac170,0x00000000a3400000)
 Metaspace       used 56774K, capacity 58224K, committed 58368K, reserved 1099776K
  class space    used 7700K, capacity 8081K, committed 8192K, reserved 1048576K
GC Heap History (10 events):
Event: 28.476 GC heap before
{Heap before GC invocations=11 (full 1):
 PSYoungGen      total 63488K, used 62594K [0x00000000e0000000, 0x00000000e5b80000, 0x0000000100000000)
  eden space 55296K, 100% used [0x00000000e0000000,0x00000000e3600000,0x00000000e3600000)
  from space 8192K, 89% used [0x00000000e3600000,0x00000000e3d208c0,0x00000000e3e00000)
  to   space 8704K, 0% used [0x00000000e5300000,0x00000000e5300000,0x00000000e5b80000)
 ParOldGen       total 35840K, used 11507K [0x00000000a0000000, 0x00000000a2300000, 0x00000000e0000000)
  object space 35840K, 32% used [0x00000000a0000000,0x00000000a0b3cfe0,0x00000000a2300000)
 Metaspace       used 31457K, capacity 31994K, committed 32128K, reserved 1077248K
  class space    used 4289K, capacity 4464K, committed 4480K, reserved 1048576K
Event: 28.512 GC heap after
Heap after GC invocations=11 (full 1):
 PSYoungGen      total 83968K, used 7763K [0x00000000e0000000, 0x00000000e5b80000, 0x0000000100000000)
  eden space 75264K, 0% used [0x00000000e0000000,0x00000000e0000000,0x00000000e4980000)
  from space 8704K, 89% used [0x00000000e5300000,0x00000000e5a94ce8,0x00000000e5b80000)
  to   space 9216K, 0% used [0x00000000e4980000,0x00000000e4980000,0x00000000e5280000)
 ParOldGen       total 35840K, used 11515K [0x00000000a0000000, 0x00000000a2300000, 0x00000000e0000000)
  object space 35840K, 32% used [0x00000000a0000000,0x00000000a0b3efe0,0x00000000a2300000)
 Metaspace       used 31457K, capacity 31994K, committed 32128K, reserved 1077248K
  class space    used 4289K, capacity 4464K, committed 4480K, reserved 1048576K
}
Event: 34.242 GC heap before
{Heap before GC invocations=12 (full 1):
 PSYoungGen      total 83968K, used 71959K [0x00000000e0000000, 0x00000000e5b80000, 0x0000000100000000)
  eden space 75264K, 85% used [0x00000000e0000000,0x00000000e3eb1088,0x00000000e4980000)
  from space 8704K, 89% used [0x00000000e5300000,0x00000000e5a94ce8,0x00000000e5b80000)
  to   space 9216K, 0% used [0x00000000e4980000,0x00000000e4980000,0x00000000e5280000)
 ParOldGen       total 35840K, used 11515K [0x00000000a0000000, 0x00000000a2300000, 0x00000000e0000000)
  object space 35840K, 32% used [0x00000000a0000000,0x00000000a0b3efe0,0x00000000a2300000)
 Metaspace       used 34665K, capacity 35344K, committed 35456K, reserved 1079296K
  class space    used 4751K, capacity 4949K, committed 4992K, reserved 1048576K
Event: 34.281 GC heap after
Heap after GC invocations=12 (full 1):
 PSYoungGen      total 84480K, used 5681K [0x00000000e0000000, 0x00000000e7400000, 0x0000000100000000)
  eden space 75264K, 0% used [0x00000000e0000000,0x00000000e0000000,0x00000000e4980000)
  from space 9216K, 61% used [0x00000000e4980000,0x00000000e4f0c440,0x00000000e5280000)
  to   space 9216K, 0% used [0x00000000e6b00000,0x00000000e6b00000,0x00000000e7400000)
 ParOldGen       total 35840K, used 16281K [0x00000000a0000000, 0x00000000a2300000, 0x00000000e0000000)
  object space 35840K, 45% used [0x00000000a0000000,0x00000000a0fe6740,0x00000000a2300000)
 Metaspace       used 34665K, capacity 35344K, committed 35456K, reserved 1079296K
  class space    used 4751K, capacity 4949K, committed 4992K, reserved 1048576K
}
Event: 34.281 GC heap before
{Heap before GC invocations=13 (full 2):
 PSYoungGen      total 84480K, used 5681K [0x00000000e0000000, 0x00000000e7400000, 0x0000000100000000)
  eden space 75264K, 0% used [0x00000000e0000000,0x00000000e0000000,0x00000000e4980000)
  from space 9216K, 61% used [0x00000000e4980000,0x00000000e4f0c440,0x00000000e5280000)
  to   space 9216K, 0% used [0x00000000e6b00000,0x00000000e6b00000,0x00000000e7400000)
 ParOldGen       total 35840K, used 16281K [0x00000000a0000000, 0x00000000a2300000, 0x00000000e0000000)
  object space 35840K, 45% used [0x00000000a0000000,0x00000000a0fe6740,0x00000000a2300000)
 Metaspace       used 34665K, capacity 35344K, committed 35456K, reserved 1079296K
  class space    used 4751K, capacity 4949K, committed 4992K, reserved 1048576K
Event: 34.507 GC heap after
Heap after GC invocations=13 (full 2):
 PSYoungGen      total 84480K, used 0K [0x00000000e0000000, 0x00000000e7400000, 0x0000000100000000)
  eden space 75264K, 0% used [0x00000000e0000000,0x00000000e0000000,0x00000000e4980000)
  from space 9216K, 0% used [0x00000000e4980000,0x00000000e4980000,0x00000000e5280000)
  to   space 9216K, 0% used [0x00000000e6b00000,0x00000000e6b00000,0x00000000e7400000)
 ParOldGen       total 53248K, used 17182K [0x00000000a0000000, 0x00000000a3400000, 0x00000000e0000000)
  object space 53248K, 32% used [0x00000000a0000000,0x00000000a10c7920,0x00000000a3400000)
 Metaspace       used 34665K, capacity 35344K, committed 35456K, reserved 1079296K
  class space    used 4751K, capacity 4949K, committed 4992K, reserved 1048576K
}
Event: 42.859 GC heap before
{Heap before GC invocations=14 (full 2):
 PSYoungGen      total 84480K, used 75264K [0x00000000e0000000, 0x00000000e7400000, 0x0000000100000000)
  eden space 75264K, 100% used [0x00000000e0000000,0x00000000e4980000,0x00000000e4980000)
  from space 9216K, 0% used [0x00000000e4980000,0x00000000e4980000,0x00000000e5280000)
  to   space 9216K, 0% used [0x00000000e6b00000,0x00000000e6b00000,0x00000000e7400000)
 ParOldGen       total 53248K, used 17182K [0x00000000a0000000, 0x00000000a3400000, 0x00000000e0000000)
  object space 53248K, 32% used [0x00000000a0000000,0x00000000a10c7920,0x00000000a3400000)
 Metaspace       used 43015K, capacity 43870K, committed 44032K, reserved 1087488K
  class space    used 5803K, capacity 6029K, committed 6144K, reserved 1048576K
Event: 42.909 GC heap after
Heap after GC invocations=14 (full 2):
 PSYoungGen      total 105984K, used 9192K [0x00000000e0000000, 0x00000000e7400000, 0x0000000100000000)
  eden space 96768K, 0% used [0x00000000e0000000,0x00000000e0000000,0x00000000e5e80000)
  from space 9216K, 99% used [0x00000000e6b00000,0x00000000e73fa168,0x00000000e7400000)
  to   space 10752K, 0% used [0x00000000e5f00000,0x00000000e5f00000,0x00000000e6980000)
 ParOldGen       total 53248K, used 18529K [0x00000000a0000000, 0x00000000a3400000, 0x00000000e0000000)
  object space 53248K, 34% used [0x00000000a0000000,0x00000000a1218650,0x00000000a3400000)
 Metaspace       used 43015K, capacity 43870K, committed 44032K, reserved 1087488K
  class space    used 5803K, capacity 6029K, committed 6144K, reserved 1048576K
}
Event: 49.506 GC heap before
{Heap before GC invocations=15 (full 2):
 PSYoungGen      total 105984K, used 105960K [0x00000000e0000000, 0x00000000e7400000, 0x0000000100000000)
  eden space 96768K, 100% used [0x00000000e0000000,0x00000000e5e80000,0x00000000e5e80000)
  from space 9216K, 99% used [0x00000000e6b00000,0x00000000e73fa168,0x00000000e7400000)
  to   space 10752K, 0% used [0x00000000e5f00000,0x00000000e5f00000,0x00000000e6980000)
 ParOldGen       total 53248K, used 18529K [0x00000000a0000000, 0x00000000a3400000, 0x00000000e0000000)
  object space 53248K, 34% used [0x00000000a0000000,0x00000000a1218650,0x00000000a3400000)
 Metaspace       used 50448K, capacity 51726K, committed 51968K, reserved 1093632K
  class space    used 6779K, capacity 7136K, committed 7168K, reserved 1048576K
Event: 49.568 GC heap after
Heap after GC invocations=15 (full 2):
 PSYoungGen      total 107520K, used 10745K [0x00000000e0000000, 0x00000000e7400000, 0x0000000100000000)
  eden space 96768K, 0% used [0x00000000e0000000,0x00000000e0000000,0x00000000e5e80000)
  from space 10752K, 99% used [0x00000000e5f00000,0x00000000e697e460,0x00000000e6980000)
  to   space 9216K, 0% used [0x00000000e6b00000,0x00000000e6b00000,0x00000000e7400000)
 ParOldGen       total 53248K, used 24240K [0x00000000a0000000, 0x00000000a3400000, 0x00000000e0000000)
  object space 53248K, 45% used [0x00000000a0000000,0x00000000a17ac170,0x00000000a3400000)
 Metaspace       used 50448K, capacity 51726K, committed 51968K, reserved 1093632K
  class space    used 6779K, capacity 7136K, committed 7168K, reserved 1048576K
}

