# JRE version: OpenJDK Runtime Environment (8.0_202-b03) (build 1.8.0_202-release-1483-b03)
# Java VM: OpenJDK 64-Bit Server VM (25.202-b03 mixed mode windows-amd64 compressed oops)
Heap:
 PSYoungGen      total 192512K, used 54800K [0x00000000e0000000, 0x00000000ed300000, 0x0000000100000000)
  eden space 175104K, 21% used [0x00000000e0000000,0x00000000e24c9a48,0x00000000eab00000)
  from space 17408K, 98% used [0x00000000ec200000,0x00000000ed2ba768,0x00000000ed300000)
  to   space 19968K, 0% used [0x00000000eac00000,0x00000000eac00000,0x00000000ebf80000)
 ParOldGen       total 84480K, used 28619K [0x00000000a0000000, 0x00000000a5280000, 0x00000000e0000000)
  object space 84480K, 33% used [0x00000000a0000000,0x00000000a1bf2e30,0x00000000a5280000)
 Metaspace       used 66579K, capacity 68574K, committed 68864K, reserved 1107968K
  class space    used 8955K, capacity 9432K, committed 9472K, reserved 1048576K
GC Heap History (10 events):
Event: 34.135 GC heap before
{Heap before GC invocations=15 (full 2):
 PSYoungGen      total 125952K, used 117248K [0x00000000e0000000, 0x00000000e9580000, 0x0000000100000000)
  eden space 117248K, 100% used [0x00000000e0000000,0x00000000e7280000,0x00000000e7280000)
  from space 8704K, 0% used [0x00000000e7b00000,0x00000000e7b00000,0x00000000e8380000)
  to   space 8704K, 0% used [0x00000000e7280000,0x00000000e7280000,0x00000000e7b00000)
 ParOldGen       total 53248K, used 15325K [0x00000000a0000000, 0x00000000a3400000, 0x00000000e0000000)
  object space 53248K, 28% used [0x00000000a0000000,0x00000000a0ef7610,0x00000000a3400000)
 Metaspace       used 45820K, capacity 46872K, committed 46976K, reserved 1089536K
  class space    used 6165K, capacity 6463K, committed 6528K, reserved 1048576K
Event: 34.708 GC heap after
Heap after GC invocations=15 (full 2):
 PSYoungGen      total 125952K, used 8696K [0x00000000e0000000, 0x00000000eaa80000, 0x0000000100000000)
  eden space 117248K, 0% used [0x00000000e0000000,0x00000000e0000000,0x00000000e7280000)
  from space 8704K, 99% used [0x00000000e7280000,0x00000000e7afe200,0x00000000e7b00000)
  to   space 12288K, 0% used [0x00000000e9e80000,0x00000000e9e80000,0x00000000eaa80000)
 ParOldGen       total 53248K, used 22140K [0x00000000a0000000, 0x00000000a3400000, 0x00000000e0000000)
  object space 53248K, 41% used [0x00000000a0000000,0x00000000a159f390,0x00000000a3400000)
 Metaspace       used 45820K, capacity 46872K, committed 46976K, reserved 1089536K
  class space    used 6165K, capacity 6463K, committed 6528K, reserved 1048576K
}
Event: 44.662 GC heap before
{Heap before GC invocations=16 (full 2):
 PSYoungGen      total 125952K, used 125944K [0x00000000e0000000, 0x00000000eaa80000, 0x0000000100000000)
  eden space 117248K, 100% used [0x00000000e0000000,0x00000000e7280000,0x00000000e7280000)
  from space 8704K, 99% used [0x00000000e7280000,0x00000000e7afe200,0x00000000e7b00000)
  to   space 12288K, 0% used [0x00000000e9e80000,0x00000000e9e80000,0x00000000eaa80000)
 ParOldGen       total 53248K, used 22140K [0x00000000a0000000, 0x00000000a3400000, 0x00000000e0000000)
  object space 53248K, 41% used [0x00000000a0000000,0x00000000a159f390,0x00000000a3400000)
 Metaspace       used 55994K, capacity 57498K, committed 57728K, reserved 1099776K
  class space    used 7599K, capacity 7992K, committed 8064K, reserved 1048576K
Event: 44.866 GC heap after
Heap after GC invocations=16 (full 2):
 PSYoungGen      total 157184K, used 12270K [0x00000000e0000000, 0x00000000eb400000, 0x0000000100000000)
  eden space 144896K, 0% used [0x00000000e0000000,0x00000000e0000000,0x00000000e8d80000)
  from space 12288K, 99% used [0x00000000e9e80000,0x00000000eaa7b878,0x00000000eaa80000)
  to   space 17408K, 0% used [0x00000000e8d80000,0x00000000e8d80000,0x00000000e9e80000)
 ParOldGen       total 53248K, used 30624K [0x00000000a0000000, 0x00000000a3400000, 0x00000000e0000000)
  object space 53248K, 57% used [0x00000000a0000000,0x00000000a1de83f0,0x00000000a3400000)
 Metaspace       used 55994K, capacity 57498K, committed 57728K, reserved 1099776K
  class space    used 7599K, capacity 7992K, committed 8064K, reserved 1048576K
}
Event: 47.309 GC heap before
{Heap before GC invocations=17 (full 2):
 PSYoungGen      total 157184K, used 34642K [0x00000000e0000000, 0x00000000eb400000, 0x0000000100000000)
  eden space 144896K, 15% used [0x00000000e0000000,0x00000000e15d9220,0x00000000e8d80000)
  from space 12288K, 99% used [0x00000000e9e80000,0x00000000eaa7b878,0x00000000eaa80000)
  to   space 17408K, 0% used [0x00000000e8d80000,0x00000000e8d80000,0x00000000e9e80000)
 ParOldGen       total 53248K, used 30624K [0x00000000a0000000, 0x00000000a3400000, 0x00000000e0000000)
  object space 53248K, 57% used [0x00000000a0000000,0x00000000a1de83f0,0x00000000a3400000)
 Metaspace       used 57400K, capacity 58972K, committed 59096K, reserved 1099776K
  class space    used 7796K, capacity 8197K, committed 8320K, reserved 1048576K
Event: 47.336 GC heap after
Heap after GC invocations=17 (full 2):
 PSYoungGen      total 162304K, used 2081K [0x00000000e0000000, 0x00000000ed300000, 0x0000000100000000)
  eden space 144896K, 0% used [0x00000000e0000000,0x00000000e0000000,0x00000000e8d80000)
  from space 17408K, 11% used [0x00000000e8d80000,0x00000000e8f88490,0x00000000e9e80000)
  to   space 17408K, 0% used [0x00000000ec200000,0x00000000ec200000,0x00000000ed300000)
 ParOldGen       total 53248K, used 35649K [0x00000000a0000000, 0x00000000a3400000, 0x00000000e0000000)
  object space 53248K, 66% used [0x00000000a0000000,0x00000000a22d05d8,0x00000000a3400000)
 Metaspace       used 57400K, capacity 58972K, committed 59096K, reserved 1099776K
  class space    used 7796K, capacity 8197K, committed 8320K, reserved 1048576K
}
Event: 47.336 GC heap before
{Heap before GC invocations=18 (full 3):
 PSYoungGen      total 162304K, used 2081K [0x00000000e0000000, 0x00000000ed300000, 0x0000000100000000)
  eden space 144896K, 0% used [0x00000000e0000000,0x00000000e0000000,0x00000000e8d80000)
  from space 17408K, 11% used [0x00000000e8d80000,0x00000000e8f88490,0x00000000e9e80000)
  to   space 17408K, 0% used [0x00000000ec200000,0x00000000ec200000,0x00000000ed300000)
 ParOldGen       total 53248K, used 35649K [0x00000000a0000000, 0x00000000a3400000, 0x00000000e0000000)
  object space 53248K, 66% used [0x00000000a0000000,0x00000000a22d05d8,0x00000000a3400000)
 Metaspace       used 57400K, capacity 58972K, committed 59096K, reserved 1099776K
  class space    used 7796K, capacity 8197K, committed 8320K, reserved 1048576K
Event: 48.530 GC heap after
Heap after GC invocations=18 (full 3):
 PSYoungGen      total 162304K, used 0K [0x00000000e0000000, 0x00000000ed300000, 0x0000000100000000)
  eden space 144896K, 0% used [0x00000000e0000000,0x00000000e0000000,0x00000000e8d80000)
  from space 17408K, 0% used [0x00000000e8d80000,0x00000000e8d80000,0x00000000e9e80000)
  to   space 17408K, 0% used [0x00000000ec200000,0x00000000ec200000,0x00000000ed300000)
 ParOldGen       total 84480K, used 28611K [0x00000000a0000000, 0x00000000a5280000, 0x00000000e0000000)
  object space 84480K, 33% used [0x00000000a0000000,0x00000000a1bf0e30,0x00000000a5280000)
 Metaspace       used 57400K, capacity 58972K, committed 59096K, reserved 1099776K
  class space    used 7796K, capacity 8197K, committed 8320K, reserved 1048576K
}
Event: 64.797 GC heap before
{Heap before GC invocations=19 (full 3):
 PSYoungGen      total 162304K, used 144896K [0x00000000e0000000, 0x00000000ed300000, 0x0000000100000000)
  eden space 144896K, 100% used [0x00000000e0000000,0x00000000e8d80000,0x00000000e8d80000)
  from space 17408K, 0% used [0x00000000e8d80000,0x00000000e8d80000,0x00000000e9e80000)
  to   space 17408K, 0% used [0x00000000ec200000,0x00000000ec200000,0x00000000ed300000)
 ParOldGen       total 84480K, used 28611K [0x00000000a0000000, 0x00000000a5280000, 0x00000000e0000000)
  object space 84480K, 33% used [0x00000000a0000000,0x00000000a1bf0e30,0x00000000a5280000)
 Metaspace       used 64784K, capacity 66742K, committed 66944K, reserved 1107968K
  class space    used 8772K, capacity 9222K, committed 9344K, reserved 1048576K
Event: 65.005 GC heap after
Heap after GC invocations=19 (full 3):
 PSYoungGen      total 192512K, used 17129K [0x00000000e0000000, 0x00000000ed300000, 0x0000000100000000)
  eden space 175104K, 0% used [0x00000000e0000000,0x00000000e0000000,0x00000000eab00000)
  from space 17408K, 98% used [0x00000000ec200000,0x00000000ed2ba768,0x00000000ed300000)
  to   space 19968K, 0% used [0x00000000eac00000,0x00000000eac00000,0x00000000ebf80000)
 ParOldGen       total 84480K, used 28619K [0x00000000a0000000, 0x00000000a5280000, 0x00000000e0000000)
  object space 84480K, 33% used [0x00000000a0000000,0x00000000a1bf2e30,0x00000000a5280000)
 Metaspace       used 64784K, capacity 66742K, committed 66944K, reserved 1107968K
  class space    used 8772K, capacity 9222K, committed 9344K, reserved 1048576K
}

