# JRE version: OpenJDK Runtime Environment (8.0_202-b03) (build 1.8.0_202-release-1483-b03)
# Java VM: OpenJDK 64-Bit Server VM (25.202-b03 mixed mode windows-amd64 compressed oops)
Heap:
 PSYoungGen      total 79360K, used 35638K [0x00000000e0000000, 0x00000000e7300000, 0x0000000100000000)
  eden space 73216K, 48% used [0x00000000e0000000,0x00000000e22cdbf8,0x00000000e4780000)
  from space 6144K, 0% used [0x00000000e4780000,0x00000000e4780000,0x00000000e4d80000)
  to   space 7680K, 0% used [0x00000000e6b80000,0x00000000e6b80000,0x00000000e7300000)
 ParOldGen       total 48128K, used 17934K [0x00000000a0000000, 0x00000000a2f00000, 0x00000000e0000000)
  object space 48128K, 37% used [0x00000000a0000000,0x00000000a1183a20,0x00000000a2f00000)
 Metaspace       used 39525K, capacity 40366K, committed 40576K, reserved 1083392K
  class space    used 5384K, capacity 5647K, committed 5760K, reserved 1048576K
GC Heap History (10 events):
Event: 9.171 GC heap before
{Heap before GC invocations=11 (full 1):
 PSYoungGen      total 55808K, used 3697K [0x00000000e0000000, 0x00000000e3c00000, 0x0000000100000000)
  eden space 51200K, 0% used [0x00000000e0000000,0x00000000e0000000,0x00000000e3200000)
  from space 4608K, 80% used [0x00000000e3780000,0x00000000e3b1c690,0x00000000e3c00000)
  to   space 5120K, 0% used [0x00000000e3200000,0x00000000e3200000,0x00000000e3700000)
 ParOldGen       total 42496K, used 8339K [0x00000000a0000000, 0x00000000a2980000, 0x00000000e0000000)
  object space 42496K, 19% used [0x00000000a0000000,0x00000000a0824c70,0x00000000a2980000)
 Metaspace       used 20705K, capacity 21150K, committed 21296K, reserved 1067008K
  class space    used 2953K, capacity 3123K, committed 3200K, reserved 1048576K
Event: 9.276 GC heap after
Heap after GC invocations=11 (full 1):
 PSYoungGen      total 55808K, used 0K [0x00000000e0000000, 0x00000000e3c00000, 0x0000000100000000)
  eden space 51200K, 0% used [0x00000000e0000000,0x00000000e0000000,0x00000000e3200000)
  from space 4608K, 0% used [0x00000000e3780000,0x00000000e3780000,0x00000000e3c00000)
  to   space 5120K, 0% used [0x00000000e3200000,0x00000000e3200000,0x00000000e3700000)
 ParOldGen       total 30720K, used 8668K [0x00000000a0000000, 0x00000000a1e00000, 0x00000000e0000000)
  object space 30720K, 28% used [0x00000000a0000000,0x00000000a0877340,0x00000000a1e00000)
 Metaspace       used 20705K, capacity 21150K, committed 21296K, reserved 1067008K
  class space    used 2953K, capacity 3123K, committed 3200K, reserved 1048576K
}
Event: 11.318 GC heap before
{Heap before GC invocations=12 (full 1):
 PSYoungGen      total 55808K, used 51200K [0x00000000e0000000, 0x00000000e3c00000, 0x0000000100000000)
  eden space 51200K, 100% used [0x00000000e0000000,0x00000000e3200000,0x00000000e3200000)
  from space 4608K, 0% used [0x00000000e3780000,0x00000000e3780000,0x00000000e3c00000)
  to   space 5120K, 0% used [0x00000000e3200000,0x00000000e3200000,0x00000000e3700000)
 ParOldGen       total 30720K, used 8668K [0x00000000a0000000, 0x00000000a1e00000, 0x00000000e0000000)
  object space 30720K, 28% used [0x00000000a0000000,0x00000000a0877340,0x00000000a1e00000)
 Metaspace       used 27605K, capacity 28124K, committed 28288K, reserved 1073152K
  class space    used 3777K, capacity 3967K, committed 3968K, reserved 1048576K
Event: 11.332 GC heap after
Heap after GC invocations=12 (full 1):
 PSYoungGen      total 56320K, used 5118K [0x00000000e0000000, 0x00000000e5380000, 0x0000000100000000)
  eden space 51200K, 0% used [0x00000000e0000000,0x00000000e0000000,0x00000000e3200000)
  from space 5120K, 99% used [0x00000000e3200000,0x00000000e36ffbf8,0x00000000e3700000)
  to   space 6144K, 0% used [0x00000000e4d80000,0x00000000e4d80000,0x00000000e5380000)
 ParOldGen       total 30720K, used 10474K [0x00000000a0000000, 0x00000000a1e00000, 0x00000000e0000000)
  object space 30720K, 34% used [0x00000000a0000000,0x00000000a0a3a860,0x00000000a1e00000)
 Metaspace       used 27605K, capacity 28124K, committed 28288K, reserved 1073152K
  class space    used 3777K, capacity 3967K, committed 3968K, reserved 1048576K
}
Event: 13.623 GC heap before
{Heap before GC invocations=13 (full 1):
 PSYoungGen      total 56320K, used 56318K [0x00000000e0000000, 0x00000000e5380000, 0x0000000100000000)
  eden space 51200K, 100% used [0x00000000e0000000,0x00000000e3200000,0x00000000e3200000)
  from space 5120K, 99% used [0x00000000e3200000,0x00000000e36ffbf8,0x00000000e3700000)
  to   space 6144K, 0% used [0x00000000e4d80000,0x00000000e4d80000,0x00000000e5380000)
 ParOldGen       total 30720K, used 10474K [0x00000000a0000000, 0x00000000a1e00000, 0x00000000e0000000)
  object space 30720K, 34% used [0x00000000a0000000,0x00000000a0a3a860,0x00000000a1e00000)
 Metaspace       used 30890K, capacity 31382K, committed 31616K, reserved 1077248K
  class space    used 4202K, capacity 4368K, committed 4480K, reserved 1048576K
Event: 13.673 GC heap after
Heap after GC invocations=13 (full 1):
 PSYoungGen      total 79360K, used 4242K [0x00000000e0000000, 0x00000000e5380000, 0x0000000100000000)
  eden space 73216K, 0% used [0x00000000e0000000,0x00000000e0000000,0x00000000e4780000)
  from space 6144K, 69% used [0x00000000e4d80000,0x00000000e51a49e8,0x00000000e5380000)
  to   space 6144K, 0% used [0x00000000e4780000,0x00000000e4780000,0x00000000e4d80000)
 ParOldGen       total 30720K, used 13490K [0x00000000a0000000, 0x00000000a1e00000, 0x00000000e0000000)
  object space 30720K, 43% used [0x00000000a0000000,0x00000000a0d2c870,0x00000000a1e00000)
 Metaspace       used 30890K, capacity 31382K, committed 31616K, reserved 1077248K
  class space    used 4202K, capacity 4368K, committed 4480K, reserved 1048576K
}
Event: 18.602 GC heap before
{Heap before GC invocations=14 (full 1):
 PSYoungGen      total 79360K, used 76050K [0x00000000e0000000, 0x00000000e5380000, 0x0000000100000000)
  eden space 73216K, 98% used [0x00000000e0000000,0x00000000e46201a0,0x00000000e4780000)
  from space 6144K, 69% used [0x00000000e4d80000,0x00000000e51a49e8,0x00000000e5380000)
  to   space 6144K, 0% used [0x00000000e4780000,0x00000000e4780000,0x00000000e4d80000)
 ParOldGen       total 30720K, used 13490K [0x00000000a0000000, 0x00000000a1e00000, 0x00000000e0000000)
  object space 30720K, 43% used [0x00000000a0000000,0x00000000a0d2c870,0x00000000a1e00000)
 Metaspace       used 34710K, capacity 35372K, committed 35456K, reserved 1079296K
  class space    used 4768K, capacity 4981K, committed 4992K, reserved 1048576K
Event: 18.632 GC heap after
Heap after GC invocations=14 (full 1):
 PSYoungGen      total 79360K, used 6126K [0x00000000e0000000, 0x00000000e7300000, 0x0000000100000000)
  eden space 73216K, 0% used [0x00000000e0000000,0x00000000e0000000,0x00000000e4780000)
  from space 6144K, 99% used [0x00000000e4780000,0x00000000e4d7b868,0x00000000e4d80000)
  to   space 7680K, 0% used [0x00000000e6b80000,0x00000000e6b80000,0x00000000e7300000)
 ParOldGen       total 30720K, used 15559K [0x00000000a0000000, 0x00000000a1e00000, 0x00000000e0000000)
  object space 30720K, 50% used [0x00000000a0000000,0x00000000a0f31fc0,0x00000000a1e00000)
 Metaspace       used 34710K, capacity 35372K, committed 35456K, reserved 1079296K
  class space    used 4768K, capacity 4981K, committed 4992K, reserved 1048576K
}
Event: 18.632 GC heap before
{Heap before GC invocations=15 (full 2):
 PSYoungGen      total 79360K, used 6126K [0x00000000e0000000, 0x00000000e7300000, 0x0000000100000000)
  eden space 73216K, 0% used [0x00000000e0000000,0x00000000e0000000,0x00000000e4780000)
  from space 6144K, 99% used [0x00000000e4780000,0x00000000e4d7b868,0x00000000e4d80000)
  to   space 7680K, 0% used [0x00000000e6b80000,0x00000000e6b80000,0x00000000e7300000)
 ParOldGen       total 30720K, used 15559K [0x00000000a0000000, 0x00000000a1e00000, 0x00000000e0000000)
  object space 30720K, 50% used [0x00000000a0000000,0x00000000a0f31fc0,0x00000000a1e00000)
 Metaspace       used 34710K, capacity 35372K, committed 35456K, reserved 1079296K
  class space    used 4768K, capacity 4981K, committed 4992K, reserved 1048576K
Event: 18.750 GC heap after
Heap after GC invocations=15 (full 2):
 PSYoungGen      total 79360K, used 0K [0x00000000e0000000, 0x00000000e7300000, 0x0000000100000000)
  eden space 73216K, 0% used [0x00000000e0000000,0x00000000e0000000,0x00000000e4780000)
  from space 6144K, 0% used [0x00000000e4780000,0x00000000e4780000,0x00000000e4d80000)
  to   space 7680K, 0% used [0x00000000e6b80000,0x00000000e6b80000,0x00000000e7300000)
 ParOldGen       total 48128K, used 17934K [0x00000000a0000000, 0x00000000a2f00000, 0x00000000e0000000)
  object space 48128K, 37% used [0x00000000a0000000,0x00000000a1183a20,0x00000000a2f00000)
 Metaspace       used 34710K, capacity 35372K, committed 35456K, reserved 1079296K
  class space    used 4768K, capacity 4981K, committed 4992K, reserved 1048576K
}

