# JRE version: OpenJDK Runtime Environment (8.0_202-b03) (build 1.8.0_202-release-1483-b03)
# Java VM: OpenJDK 64-Bit Server VM (25.202-b03 mixed mode windows-amd64 compressed oops)
Heap:
 PSYoungGen      total 107008K, used 40061K [0x00000000e0000000, 0x00000000e7a80000, 0x0000000100000000)
  eden space 99328K, 32% used [0x00000000e0000000,0x00000000e1fa43f8,0x00000000e6100000)
  from space 7680K, 99% used [0x00000000e6100000,0x00000000e687b180,0x00000000e6880000)
  to   space 7680K, 0% used [0x00000000e6880000,0x00000000e6880000,0x00000000e7000000)
 ParOldGen       total 41984K, used 21084K [0x00000000a0000000, 0x00000000a2900000, 0x00000000e0000000)
  object space 41984K, 50% used [0x00000000a0000000,0x00000000a1497058,0x00000000a2900000)
 Metaspace       used 47434K, capacity 48622K, committed 48768K, reserved 1091584K
  class space    used 6366K, capacity 6732K, committed 6784K, reserved 1048576K
GC Heap History (10 events):
Event: 15.091 GC heap before
{Heap before GC invocations=13 (full 1):
 PSYoungGen      total 56320K, used 56304K [0x00000000e0000000, 0x00000000e5300000, 0x0000000100000000)
  eden space 51200K, 100% used [0x00000000e0000000,0x00000000e3200000,0x00000000e3200000)
  from space 5120K, 99% used [0x00000000e3200000,0x00000000e36fc178,0x00000000e3700000)
  to   space 6144K, 0% used [0x00000000e4d00000,0x00000000e4d00000,0x00000000e5300000)
 ParOldGen       total 31744K, used 10348K [0x00000000a0000000, 0x00000000a1f00000, 0x00000000e0000000)
  object space 31744K, 32% used [0x00000000a0000000,0x00000000a0a1b188,0x00000000a1f00000)
 Metaspace       used 30782K, capacity 31330K, committed 31616K, reserved 1077248K
  class space    used 4188K, capacity 4368K, committed 4480K, reserved 1048576K
Event: 15.110 GC heap after
Heap after GC invocations=13 (full 1):
 PSYoungGen      total 76800K, used 4219K [0x00000000e0000000, 0x00000000e5200000, 0x0000000100000000)
  eden space 71680K, 0% used [0x00000000e0000000,0x00000000e0000000,0x00000000e4600000)
  from space 5120K, 82% used [0x00000000e4d00000,0x00000000e511ef08,0x00000000e5200000)
  to   space 6144K, 0% used [0x00000000e4600000,0x00000000e4600000,0x00000000e4c00000)
 ParOldGen       total 31744K, used 13298K [0x00000000a0000000, 0x00000000a1f00000, 0x00000000e0000000)
  object space 31744K, 41% used [0x00000000a0000000,0x00000000a0cfcb60,0x00000000a1f00000)
 Metaspace       used 30782K, capacity 31330K, committed 31616K, reserved 1077248K
  class space    used 4188K, capacity 4368K, committed 4480K, reserved 1048576K
}
Event: 20.099 GC heap before
{Heap before GC invocations=14 (full 1):
 PSYoungGen      total 76800K, used 75899K [0x00000000e0000000, 0x00000000e5200000, 0x0000000100000000)
  eden space 71680K, 100% used [0x00000000e0000000,0x00000000e4600000,0x00000000e4600000)
  from space 5120K, 82% used [0x00000000e4d00000,0x00000000e511ef08,0x00000000e5200000)
  to   space 6144K, 0% used [0x00000000e4600000,0x00000000e4600000,0x00000000e4c00000)
 ParOldGen       total 31744K, used 13298K [0x00000000a0000000, 0x00000000a1f00000, 0x00000000e0000000)
  object space 31744K, 41% used [0x00000000a0000000,0x00000000a0cfcb60,0x00000000a1f00000)
 Metaspace       used 34627K, capacity 35306K, committed 35456K, reserved 1079296K
  class space    used 4751K, capacity 4952K, committed 4992K, reserved 1048576K
Event: 20.157 GC heap after
Heap after GC invocations=14 (full 1):
 PSYoungGen      total 77824K, used 6126K [0x00000000e0000000, 0x00000000e7000000, 0x0000000100000000)
  eden space 71680K, 0% used [0x00000000e0000000,0x00000000e0000000,0x00000000e4600000)
  from space 6144K, 99% used [0x00000000e4600000,0x00000000e4bfbaa8,0x00000000e4c00000)
  to   space 7680K, 0% used [0x00000000e6880000,0x00000000e6880000,0x00000000e7000000)
 ParOldGen       total 31744K, used 15311K [0x00000000a0000000, 0x00000000a1f00000, 0x00000000e0000000)
  object space 31744K, 48% used [0x00000000a0000000,0x00000000a0ef3fa8,0x00000000a1f00000)
 Metaspace       used 34627K, capacity 35306K, committed 35456K, reserved 1079296K
  class space    used 4751K, capacity 4952K, committed 4992K, reserved 1048576K
}
Event: 20.219 GC heap before
{Heap before GC invocations=15 (full 1):
 PSYoungGen      total 77824K, used 7539K [0x00000000e0000000, 0x00000000e7000000, 0x0000000100000000)
  eden space 71680K, 1% used [0x00000000e0000000,0x00000000e01614e0,0x00000000e4600000)
  from space 6144K, 99% used [0x00000000e4600000,0x00000000e4bfbaa8,0x00000000e4c00000)
  to   space 7680K, 0% used [0x00000000e6880000,0x00000000e6880000,0x00000000e7000000)
 ParOldGen       total 31744K, used 15311K [0x00000000a0000000, 0x00000000a1f00000, 0x00000000e0000000)
  object space 31744K, 48% used [0x00000000a0000000,0x00000000a0ef3fa8,0x00000000a1f00000)
 Metaspace       used 34732K, capacity 35402K, committed 35456K, reserved 1079296K
  class space    used 4768K, capacity 4984K, committed 4992K, reserved 1048576K
Event: 20.243 GC heap after
Heap after GC invocations=15 (full 1):
 PSYoungGen      total 107008K, used 192K [0x00000000e0000000, 0x00000000e7a80000, 0x0000000100000000)
  eden space 99328K, 0% used [0x00000000e0000000,0x00000000e0000000,0x00000000e6100000)
  from space 7680K, 2% used [0x00000000e6880000,0x00000000e68b0000,0x00000000e7000000)
  to   space 7680K, 0% used [0x00000000e6100000,0x00000000e6100000,0x00000000e6880000)
 ParOldGen       total 31744K, used 18137K [0x00000000a0000000, 0x00000000a1f00000, 0x00000000e0000000)
  object space 31744K, 57% used [0x00000000a0000000,0x00000000a11b66e8,0x00000000a1f00000)
 Metaspace       used 34732K, capacity 35402K, committed 35456K, reserved 1079296K
  class space    used 4768K, capacity 4984K, committed 4992K, reserved 1048576K
}
Event: 20.243 GC heap before
{Heap before GC invocations=16 (full 2):
 PSYoungGen      total 107008K, used 192K [0x00000000e0000000, 0x00000000e7a80000, 0x0000000100000000)
  eden space 99328K, 0% used [0x00000000e0000000,0x00000000e0000000,0x00000000e6100000)
  from space 7680K, 2% used [0x00000000e6880000,0x00000000e68b0000,0x00000000e7000000)
  to   space 7680K, 0% used [0x00000000e6100000,0x00000000e6100000,0x00000000e6880000)
 ParOldGen       total 31744K, used 18137K [0x00000000a0000000, 0x00000000a1f00000, 0x00000000e0000000)
  object space 31744K, 57% used [0x00000000a0000000,0x00000000a11b66e8,0x00000000a1f00000)
 Metaspace       used 34732K, capacity 35402K, committed 35456K, reserved 1079296K
  class space    used 4768K, capacity 4984K, committed 4992K, reserved 1048576K
Event: 20.374 GC heap after
Heap after GC invocations=16 (full 2):
 PSYoungGen      total 107008K, used 0K [0x00000000e0000000, 0x00000000e7a80000, 0x0000000100000000)
  eden space 99328K, 0% used [0x00000000e0000000,0x00000000e0000000,0x00000000e6100000)
  from space 7680K, 0% used [0x00000000e6880000,0x00000000e6880000,0x00000000e7000000)
  to   space 7680K, 0% used [0x00000000e6100000,0x00000000e6100000,0x00000000e6880000)
 ParOldGen       total 41984K, used 14580K [0x00000000a0000000, 0x00000000a2900000, 0x00000000e0000000)
  object space 41984K, 34% used [0x00000000a0000000,0x00000000a0e3d380,0x00000000a2900000)
 Metaspace       used 34727K, capacity 35384K, committed 35456K, reserved 1079296K
  class space    used 4767K, capacity 4981K, committed 4992K, reserved 1048576K
}
Event: 24.355 GC heap before
{Heap before GC invocations=17 (full 2):
 PSYoungGen      total 107008K, used 99328K [0x00000000e0000000, 0x00000000e7a80000, 0x0000000100000000)
  eden space 99328K, 100% used [0x00000000e0000000,0x00000000e6100000,0x00000000e6100000)
  from space 7680K, 0% used [0x00000000e6880000,0x00000000e6880000,0x00000000e7000000)
  to   space 7680K, 0% used [0x00000000e6100000,0x00000000e6100000,0x00000000e6880000)
 ParOldGen       total 41984K, used 14580K [0x00000000a0000000, 0x00000000a2900000, 0x00000000e0000000)
  object space 41984K, 34% used [0x00000000a0000000,0x00000000a0e3d380,0x00000000a2900000)
 Metaspace       used 45042K, capacity 45980K, committed 46336K, reserved 1089536K
  class space    used 6038K, capacity 6294K, committed 6400K, reserved 1048576K
Event: 24.401 GC heap after
Heap after GC invocations=17 (full 2):
 PSYoungGen      total 107008K, used 7660K [0x00000000e0000000, 0x00000000e7a80000, 0x0000000100000000)
  eden space 99328K, 0% used [0x00000000e0000000,0x00000000e0000000,0x00000000e6100000)
  from space 7680K, 99% used [0x00000000e6100000,0x00000000e687b180,0x00000000e6880000)
  to   space 7680K, 0% used [0x00000000e6880000,0x00000000e6880000,0x00000000e7000000)
 ParOldGen       total 41984K, used 21084K [0x00000000a0000000, 0x00000000a2900000, 0x00000000e0000000)
  object space 41984K, 50% used [0x00000000a0000000,0x00000000a1497058,0x00000000a2900000)
 Metaspace       used 45042K, capacity 45980K, committed 46336K, reserved 1089536K
  class space    used 6038K, capacity 6294K, committed 6400K, reserved 1048576K
}

