# JRE version: OpenJDK Runtime Environment (8.0_202-b03) (build 1.8.0_202-release-1483-b03)
# Java VM: OpenJDK 64-Bit Server VM (25.202-b03 mixed mode windows-amd64 compressed oops)
Heap:
 PSYoungGen      total 188928K, used 74053K [0x00000000e0000000, 0x00000000ee200000, 0x0000000100000000)
  eden space 163840K, 29% used [0x00000000e0000000,0x00000000e2fd5110,0x00000000ea000000)
  from space 25088K, 99% used [0x00000000ebd00000,0x00000000ed57c470,0x00000000ed580000)
  to   space 29696K, 0% used [0x00000000ea000000,0x00000000ea000000,0x00000000ebd00000)
 ParOldGen       total 82432K, used 49229K [0x00000000a0000000, 0x00000000a5080000, 0x00000000e0000000)
  object space 82432K, 59% used [0x00000000a0000000,0x00000000a30136c8,0x00000000a5080000)
 Metaspace       used 82394K, capacity 85592K, committed 85848K, reserved 1124352K
  class space    used 10612K, capacity 11289K, committed 11392K, reserved 1048576K
GC Heap History (10 events):
Event: 80.546 GC heap before
{Heap before GC invocations=23 (full 3):
 PSYoungGen      total 148480K, used 143203K [0x00000000e0000000, 0x00000000ea880000, 0x0000000100000000)
  eden space 135168K, 100% used [0x00000000e0000000,0x00000000e8400000,0x00000000e8400000)
  from space 13312K, 60% used [0x00000000e8400000,0x00000000e8bd8f10,0x00000000e9100000)
  to   space 13312K, 0% used [0x00000000e9b80000,0x00000000e9b80000,0x00000000ea880000)
 ParOldGen       total 82432K, used 32153K [0x00000000a0000000, 0x00000000a5080000, 0x00000000e0000000)
  object space 82432K, 39% used [0x00000000a0000000,0x00000000a1f66770,0x00000000a5080000)
 Metaspace       used 66280K, capacity 68472K, committed 68696K, reserved 1110016K
  class space    used 8595K, capacity 9053K, committed 9088K, reserved 1048576K
Event: 80.623 GC heap after
Heap after GC invocations=23 (full 3):
 PSYoungGen      total 158720K, used 9136K [0x00000000e0000000, 0x00000000eac80000, 0x0000000100000000)
  eden space 145408K, 0% used [0x00000000e0000000,0x00000000e0000000,0x00000000e8e00000)
  from space 13312K, 68% used [0x00000000e9b80000,0x00000000ea46c050,0x00000000ea880000)
  to   space 13824K, 0% used [0x00000000e8e00000,0x00000000e8e00000,0x00000000e9b80000)
 ParOldGen       total 82432K, used 32161K [0x00000000a0000000, 0x00000000a5080000, 0x00000000e0000000)
  object space 82432K, 39% used [0x00000000a0000000,0x00000000a1f68770,0x00000000a5080000)
 Metaspace       used 66280K, capacity 68472K, committed 68696K, reserved 1110016K
  class space    used 8595K, capacity 9053K, committed 9088K, reserved 1048576K
}
Event: 113.041 GC heap before
{Heap before GC invocations=24 (full 3):
 PSYoungGen      total 158720K, used 154544K [0x00000000e0000000, 0x00000000eac80000, 0x0000000100000000)
  eden space 145408K, 100% used [0x00000000e0000000,0x00000000e8e00000,0x00000000e8e00000)
  from space 13312K, 68% used [0x00000000e9b80000,0x00000000ea46c050,0x00000000ea880000)
  to   space 13824K, 0% used [0x00000000e8e00000,0x00000000e8e00000,0x00000000e9b80000)
 ParOldGen       total 82432K, used 32161K [0x00000000a0000000, 0x00000000a5080000, 0x00000000e0000000)
  object space 82432K, 39% used [0x00000000a0000000,0x00000000a1f68770,0x00000000a5080000)
 Metaspace       used 66605K, capacity 68788K, committed 68952K, reserved 1110016K
  class space    used 8600K, capacity 9059K, committed 9088K, reserved 1048576K
Event: 113.273 GC heap after
Heap after GC invocations=24 (full 3):
 PSYoungGen      total 159232K, used 10816K [0x00000000e0000000, 0x00000000eb800000, 0x0000000100000000)
  eden space 145408K, 0% used [0x00000000e0000000,0x00000000e0000000,0x00000000e8e00000)
  from space 13824K, 78% used [0x00000000e8e00000,0x00000000e98902f8,0x00000000e9b80000)
  to   space 14848K, 0% used [0x00000000ea980000,0x00000000ea980000,0x00000000eb800000)
 ParOldGen       total 82432K, used 32169K [0x00000000a0000000, 0x00000000a5080000, 0x00000000e0000000)
  object space 82432K, 39% used [0x00000000a0000000,0x00000000a1f6a770,0x00000000a5080000)
 Metaspace       used 66605K, capacity 68788K, committed 68952K, reserved 1110016K
  class space    used 8600K, capacity 9059K, committed 9088K, reserved 1048576K
}
Event: 176.445 GC heap before
{Heap before GC invocations=25 (full 3):
 PSYoungGen      total 159232K, used 156193K [0x00000000e0000000, 0x00000000eb800000, 0x0000000100000000)
  eden space 145408K, 99% used [0x00000000e0000000,0x00000000e8df8410,0x00000000e8e00000)
  from space 13824K, 78% used [0x00000000e8e00000,0x00000000e98902f8,0x00000000e9b80000)
  to   space 14848K, 0% used [0x00000000ea980000,0x00000000ea980000,0x00000000eb800000)
 ParOldGen       total 82432K, used 32169K [0x00000000a0000000, 0x00000000a5080000, 0x00000000e0000000)
  object space 82432K, 39% used [0x00000000a0000000,0x00000000a1f6a770,0x00000000a5080000)
 Metaspace       used 67095K, capacity 69426K, committed 69592K, reserved 1110016K
  class space    used 8644K, capacity 9164K, committed 9216K, reserved 1048576K
Event: 176.742 GC heap after
Heap after GC invocations=25 (full 3):
 PSYoungGen      total 169984K, used 14816K [0x00000000e0000000, 0x00000000ebd00000, 0x0000000100000000)
  eden space 155136K, 0% used [0x00000000e0000000,0x00000000e0000000,0x00000000e9780000)
  from space 14848K, 99% used [0x00000000ea980000,0x00000000eb7f8370,0x00000000eb800000)
  to   space 18432K, 0% used [0x00000000e9780000,0x00000000e9780000,0x00000000ea980000)
 ParOldGen       total 82432K, used 36137K [0x00000000a0000000, 0x00000000a5080000, 0x00000000e0000000)
  object space 82432K, 43% used [0x00000000a0000000,0x00000000a234a7e0,0x00000000a5080000)
 Metaspace       used 67095K, capacity 69426K, committed 69592K, reserved 1110016K
  class space    used 8644K, capacity 9164K, committed 9216K, reserved 1048576K
}
Event: 192.819 GC heap before
{Heap before GC invocations=26 (full 3):
 PSYoungGen      total 169984K, used 169952K [0x00000000e0000000, 0x00000000ebd00000, 0x0000000100000000)
  eden space 155136K, 100% used [0x00000000e0000000,0x00000000e9780000,0x00000000e9780000)
  from space 14848K, 99% used [0x00000000ea980000,0x00000000eb7f8370,0x00000000eb800000)
  to   space 18432K, 0% used [0x00000000e9780000,0x00000000e9780000,0x00000000ea980000)
 ParOldGen       total 82432K, used 36137K [0x00000000a0000000, 0x00000000a5080000, 0x00000000e0000000)
  object space 82432K, 43% used [0x00000000a0000000,0x00000000a234a7e0,0x00000000a5080000)
 Metaspace       used 73006K, capacity 75464K, committed 75736K, reserved 1116160K
  class space    used 9356K, capacity 9923K, committed 9984K, reserved 1048576K
Event: 193.095 GC heap after
Heap after GC invocations=26 (full 3):
 PSYoungGen      total 173568K, used 18420K [0x00000000e0000000, 0x00000000ed580000, 0x0000000100000000)
  eden space 155136K, 0% used [0x00000000e0000000,0x00000000e0000000,0x00000000e9780000)
  from space 18432K, 99% used [0x00000000e9780000,0x00000000ea97d348,0x00000000ea980000)
  to   space 25088K, 0% used [0x00000000ebd00000,0x00000000ebd00000,0x00000000ed580000)
 ParOldGen       total 82432K, used 46689K [0x00000000a0000000, 0x00000000a5080000, 0x00000000e0000000)
  object space 82432K, 56% used [0x00000000a0000000,0x00000000a2d986d0,0x00000000a5080000)
 Metaspace       used 73006K, capacity 75464K, committed 75736K, reserved 1116160K
  class space    used 9356K, capacity 9923K, committed 9984K, reserved 1048576K
}
Event: 204.803 GC heap before
{Heap before GC invocations=27 (full 3):
 PSYoungGen      total 173568K, used 173556K [0x00000000e0000000, 0x00000000ed580000, 0x0000000100000000)
  eden space 155136K, 100% used [0x00000000e0000000,0x00000000e9780000,0x00000000e9780000)
  from space 18432K, 99% used [0x00000000e9780000,0x00000000ea97d348,0x00000000ea980000)
  to   space 25088K, 0% used [0x00000000ebd00000,0x00000000ebd00000,0x00000000ed580000)
 ParOldGen       total 82432K, used 46689K [0x00000000a0000000, 0x00000000a5080000, 0x00000000e0000000)
  object space 82432K, 56% used [0x00000000a0000000,0x00000000a2d986d0,0x00000000a5080000)
 Metaspace       used 81473K, capacity 84644K, committed 84824K, reserved 1122304K
  class space    used 10456K, capacity 11129K, committed 11136K, reserved 1048576K
Event: 205.218 GC heap after
Heap after GC invocations=27 (full 3):
 PSYoungGen      total 188928K, used 25073K [0x00000000e0000000, 0x00000000ee200000, 0x0000000100000000)
  eden space 163840K, 0% used [0x00000000e0000000,0x00000000e0000000,0x00000000ea000000)
  from space 25088K, 99% used [0x00000000ebd00000,0x00000000ed57c470,0x00000000ed580000)
  to   space 29696K, 0% used [0x00000000ea000000,0x00000000ea000000,0x00000000ebd00000)
 ParOldGen       total 82432K, used 49229K [0x00000000a0000000, 0x00000000a5080000, 0x00000000e0000000)
  object space 82432K, 59% used [0x00000000a0000000,0x00000000a30136c8,0x00000000a5080000)
 Metaspace       used 81473K, capacity 84644K, committed 84824K, reserved 1122304K
  class space    used 10456K, capacity 11129K, committed 11136K, reserved 1048576K
}

